<?xml version="1.0" encoding="UTF-8" ?>
<testsuite tests="4" failures="0" name="ass3.mygame2.Test1" time="0.002" errors="0" skipped="0">
  <properties>
[...]
</properties>
  <testcase classname="ass3.mygame2.Test1" name="ass3.mygame2.Test1.testgetSecondWord" time="0.002"/>
  <testcase classname="ass3.mygame2.Test1" name="ass3.mygame2.Test1.testisUnknown" time="0"/>
  <testcase classname="ass3.mygame2.Test1" name="ass3.mygame2.Test1.testhasSecondWord" time="0"/>
  <testcase classname="ass3.mygame2.Test1" name="ass3.mygame2.Test1.testgetCommandWord" time="0"/>
</testsuite>